<?xml version="1.0" encoding="UTF-8" ?>
<testsuite errors="0" skipped="0" tests="1" time="0.015" failures="0" name="ingrid.AppTest">
  <properties>
    <property value="Java(TM) 2 Runtime Environment, Standard Edition" name="java.runtime.name"/>
    <property value="C:\Programme\Java\jdk1.5.0_11\jre\bin" name="sun.boot.library.path"/>
    <property value="1.5.0_11-b03" name="java.vm.version"/>
    <property value="Sun Microsystems Inc." name="java.vm.vendor"/>
    <property value="http://java.sun.com/" name="java.vendor.url"/>
    <property value=";" name="path.separator"/>
    <property value="Java HotSpot(TM) Client VM" name="java.vm.name"/>
    <property value="sun.io" name="file.encoding.pkg"/>
    <property value="DE" name="user.country"/>
    <property value="SUN_STANDARD" name="sun.java.launcher"/>
    <property value="Service Pack 2" name="sun.os.patch.level"/>
    <property value="Java Virtual Machine Specification" name="java.vm.specification.name"/>
    <property value="C:\data\wemove\ingrid\ingrid-dev\ingrid-udk-importer" name="user.dir"/>
    <property value="1.5.0_11-b03" name="java.runtime.version"/>
    <property value="sun.awt.Win32GraphicsEnvironment" name="java.awt.graphicsenv"/>
    <property value="C:\data\wemove\ingrid\ingrid-dev\ingrid-udk-importer" name="basedir"/>
    <property value="C:\Programme\Java\jdk1.5.0_11\jre\lib\endorsed" name="java.endorsed.dirs"/>
    <property value="x86" name="os.arch"/>
    <property value="C:\DOKUME~1\joachim\LOKALE~1\Temp\" name="java.io.tmpdir"/>
    <property value="
" name="line.separator"/>
    <property value="Sun Microsystems Inc." name="java.vm.specification.vendor"/>
    <property value="" name="user.variant"/>
    <property value="Windows XP" name="os.name"/>
    <property value="Cp1252" name="sun.jnu.encoding"/>
    <property value="C:\Programme\Java\jdk1.5.0_11\jre\bin;.;C:\WINDOWS\system32;C:\WINDOWS;C:\j2sdk1.4.2_13\bin;C:\WINDOWS\system32;C:\WINDOWS;C:\WINDOWS\System32\Wbem;C:\Programme\Apache\Maven1.0.2\bin;C:\Programme\Apache\apache-ant-1.7.0\bin;C:\Programme\QuickTime\QTSystem\;C:\Programme\Apache\maven-2.0.7\bin" name="java.library.path"/>
    <property value="Java Platform API Specification" name="java.specification.name"/>
    <property value="49.0" name="java.class.version"/>
    <property value="HotSpot Client Compiler" name="sun.management.compiler"/>
    <property value="5.1" name="os.version"/>
    <property value="C:\Dokumente und Einstellungen\joachim" name="user.home"/>
    <property value="" name="user.timezone"/>
    <property value="sun.awt.windows.WPrinterJob" name="java.awt.printerjob"/>
    <property value="Cp1252" name="file.encoding"/>
    <property value="1.5" name="java.specification.version"/>
    <property value="joachim" name="user.name"/>
    <property value="C:\Dokumente und Einstellungen\joachim\.m2\repository\org\codehaus\plexus\plexus-archiver\1.0-alpha-7\plexus-archiver-1.0-alpha-7.jar;C:\Dokumente und Einstellungen\joachim\.m2\repository\junit\junit\3.8.1\junit-3.8.1.jar;C:\Dokumente und Einstellungen\joachim\.m2\repository\org\apache\maven\surefire\surefire-api\2.3\surefire-api-2.3.jar;C:\Dokumente und Einstellungen\joachim\.m2\repository\org\codehaus\plexus\plexus-container-default\1.0-alpha-8\plexus-container-default-1.0-alpha-8.jar;C:\Dokumente und Einstellungen\joachim\.m2\repository\classworlds\classworlds\1.1-alpha-2\classworlds-1.1-alpha-2.jar;C:\Dokumente und Einstellungen\joachim\.m2\repository\org\codehaus\plexus\plexus-utils\1.1\plexus-utils-1.1.jar;C:\Dokumente und Einstellungen\joachim\.m2\repository\commons-lang\commons-lang\2.1\commons-lang-2.1.jar;C:\Dokumente und Einstellungen\joachim\.m2\repository\org\apache\maven\surefire\surefire-booter\2.3\surefire-booter-2.3.jar" name="java.class.path"/>
    <property value="1.0" name="java.vm.specification.version"/>
    <property value="32" name="sun.arch.data.model"/>
    <property value="C:\Programme\Java\jdk1.5.0_11\jre" name="java.home"/>
    <property value="Sun Microsystems Inc." name="java.specification.vendor"/>
    <property value="de" name="user.language"/>
    <property value="sun.awt.windows.WToolkit" name="awt.toolkit"/>
    <property value="mixed mode, sharing" name="java.vm.info"/>
    <property value="1.5.0_11" name="java.version"/>
    <property value="C:\Programme\Java\jdk1.5.0_11\jre\lib\ext" name="java.ext.dirs"/>
    <property value="C:\Programme\Java\jdk1.5.0_11\jre\lib\rt.jar;C:\Programme\Java\jdk1.5.0_11\jre\lib\i18n.jar;C:\Programme\Java\jdk1.5.0_11\jre\lib\sunrsasign.jar;C:\Programme\Java\jdk1.5.0_11\jre\lib\jsse.jar;C:\Programme\Java\jdk1.5.0_11\jre\lib\jce.jar;C:\Programme\Java\jdk1.5.0_11\jre\lib\charsets.jar;C:\Programme\Java\jdk1.5.0_11\jre\classes" name="sun.boot.class.path"/>
    <property value="Sun Microsystems Inc." name="java.vendor"/>
    <property value="C:\Dokumente und Einstellungen\joachim\.m2\repository" name="localRepository"/>
    <property value="\" name="file.separator"/>
    <property value="http://java.sun.com/cgi-bin/bugreport.cgi" name="java.vendor.url.bug"/>
    <property value="little" name="sun.cpu.endian"/>
    <property value="UnicodeLittle" name="sun.io.unicode.encoding"/>
    <property value="windows" name="sun.desktop"/>
    <property value="" name="sun.cpu.isalist"/>
  </properties>
  <testcase time="0" name="testApp"/>
</testsuite>